***
*** Now run 'make gdb'.
***

(process:9840): GLib-WARNING **: /build/glib2.0-7IO_Yw/glib2.0-2.48.1/./glib/gmem.c:483: custom memory allocation vtable not supported
6828 decimal is 15254 octal!
Physical memory: 66556K available, base = 640K, extended = 65532K
end=f0116970
PGSIZE=1000
n=1000
Initial=f0117000
Final=f0118000
n=207f8
Initial=f0118000
Final=f0139000
npages=16639
npages_basemem=160
keriolim=313
n=0
Initial=f0139000
Final=f0139000
check_page_alloc() succeeded!
check_page() succeeded!
400000
8000
10000000
check_kern_pgdir() succeeded!
n=0
Initial=f0139000
Final=f0139000
check_page_installed_pgdir() succeeded!
Welcome to the JOS kernel monitor!
Type 'help' for a list of commands.
qemu: terminating on signal 15 from pid 9807
